<<<<<<< HEAD
Detecting C compiler ABI info failed to compile with the following output:
Change Dir: G:/code/C or C++/little-task/cmake-build-debug/CMakeFiles/CMakeTmp

Run Build Command(s):nmake -f Makefile /nologo cmTC_8155b\fast && 	G:\2019\VC\Tools\MSVC\14.29.30133\bin\HostX86\x86\nmake.exe  -f CMakeFiles\cmTC_8155b.dir\build.make /nologo -L                  CMakeFiles\cmTC_8155b.dir\build
Building C object CMakeFiles/cmTC_8155b.dir/CMakeCCompilerABI.c.obj
	"G:\IDE\Clion\CLion 2021.2.2\bin\cmake\win\bin\cmake.exe" -E cmake_cl_compile_depends --dep-file=CMakeFiles\cmTC_8155b.dir\CMakeCCompilerABI.c.obj.d --working-dir="G:\code\C or C++\little-task\cmake-build-debug\CMakeFiles\CMakeTmp" --filter-prefix="" -- G:\2019\VC\Tools\MSVC\14.29.30133\bin\Hostx86\x86\cl.exe @C:\Users\lenovo\AppData\Local\Temp\nmC9BF.tmp
NMAKE : fatal error U1077: “"G:\IDE\Clion\CLion 2021.2.2\bin\cmake\win\bin\cmake.exe"”: 返回代码“0xc0000409”
Stop.
NMAKE : fatal error U1077: “G:\2019\VC\Tools\MSVC\14.29.30133\bin\HostX86\x86\nmake.exe”: 返回代码“0x2”
Stop.




Detecting CXX compiler ABI info failed to compile with the following output:
Change Dir: G:/code/C or C++/little-task/cmake-build-debug/CMakeFiles/CMakeTmp

Run Build Command(s):nmake -f Makefile /nologo cmTC_7ee1d\fast && 	G:\2019\VC\Tools\MSVC\14.29.30133\bin\HostX86\x86\nmake.exe  -f CMakeFiles\cmTC_7ee1d.dir\build.make /nologo -L                  CMakeFiles\cmTC_7ee1d.dir\build
Building CXX object CMakeFiles/cmTC_7ee1d.dir/CMakeCXXCompilerABI.cpp.obj
	"G:\IDE\Clion\CLion 2021.2.2\bin\cmake\win\bin\cmake.exe" -E cmake_cl_compile_depends --dep-file=CMakeFiles\cmTC_7ee1d.dir\CMakeCXXCompilerABI.cpp.obj.d --working-dir="G:\code\C or C++\little-task\cmake-build-debug\CMakeFiles\CMakeTmp" --filter-prefix="" -- G:\2019\VC\Tools\MSVC\14.29.30133\bin\Hostx86\x86\cl.exe @C:\Users\lenovo\AppData\Local\Temp\nmCFDA.tmp
NMAKE : fatal error U1077: “"G:\IDE\Clion\CLion 2021.2.2\bin\cmake\win\bin\cmake.exe"”: 返回代码“0xc0000409”
Stop.
NMAKE : fatal error U1077: “G:\2019\VC\Tools\MSVC\14.29.30133\bin\HostX86\x86\nmake.exe”: 返回代码“0x2”
Stop.




Determining if the include file pthread.h exists failed with the following output:
Change Dir: G:/code/C or C++/little-task/cmake-build-debug/CMakeFiles/CMakeTmp

Run Build Command(s):nmake -f Makefile /nologo cmTC_39c50\fast && 	G:\2019\VC\Tools\MSVC\14.29.30133\bin\HostX86\x86\nmake.exe  -f CMakeFiles\cmTC_39c50.dir\build.make /nologo -L                  CMakeFiles\cmTC_39c50.dir\build
Building C object CMakeFiles/cmTC_39c50.dir/CheckIncludeFile.c.obj
	"G:\IDE\Clion\CLion 2021.2.2\bin\cmake\win\bin\cmake.exe" -E cmake_cl_compile_depends --dep-file=CMakeFiles\cmTC_39c50.dir\CheckIncludeFile.c.obj.d --working-dir="G:\code\C or C++\little-task\cmake-build-debug\CMakeFiles\CMakeTmp" --filter-prefix="" -- G:\2019\VC\Tools\MSVC\14.29.30133\bin\Hostx86\x86\cl.exe @C:\Users\lenovo\AppData\Local\Temp\nmD4AC.tmp
NMAKE : fatal error U1077: “"G:\IDE\Clion\CLion 2021.2.2\bin\cmake\win\bin\cmake.exe"”: 返回代码“0xc0000409”
Stop.
NMAKE : fatal error U1077: “G:\2019\VC\Tools\MSVC\14.29.30133\bin\HostX86\x86\nmake.exe”: 返回代码“0x2”
Stop.



Detecting C compiler ABI info failed to compile with the following output:
Change Dir: G:/code/C or C++/little-task/cmake-build-debug/CMakeFiles/CMakeTmp

Run Build Command(s):nmake -f Makefile /nologo cmTC_8c2eb\fast && 	G:\2019\VC\Tools\MSVC\14.29.30133\bin\HostX86\x86\nmake.exe  -f CMakeFiles\cmTC_8c2eb.dir\build.make /nologo -L                  CMakeFiles\cmTC_8c2eb.dir\build
Building C object CMakeFiles/cmTC_8c2eb.dir/CMakeCCompilerABI.c.obj
	"G:\IDE\Clion\CLion 2021.3.2\bin\cmake\win\bin\cmake.exe" -E cmake_cl_compile_depends --dep-file=CMakeFiles\cmTC_8c2eb.dir\CMakeCCompilerABI.c.obj.d --working-dir="G:\code\C or C++\little-task\cmake-build-debug\CMakeFiles\CMakeTmp" --filter-prefix="" -- G:\2019\VC\Tools\MSVC\14.29.30133\bin\Hostx86\x86\cl.exe @C:\Users\lenovo\AppData\Local\Temp\nm8C45.tmp
NMAKE : fatal error U1077: “"G:\IDE\Clion\CLion 2021.3.2\bin\cmake\win\bin\cmake.exe"”: 返回代码“0xc0000409”
Stop.
NMAKE : fatal error U1077: “G:\2019\VC\Tools\MSVC\14.29.30133\bin\HostX86\x86\nmake.exe”: 返回代码“0x2”
Stop.




Detecting CXX compiler ABI info failed to compile with the following output:
Change Dir: G:/code/C or C++/little-task/cmake-build-debug/CMakeFiles/CMakeTmp

Run Build Command(s):nmake -f Makefile /nologo cmTC_07011\fast && 	G:\2019\VC\Tools\MSVC\14.29.30133\bin\HostX86\x86\nmake.exe  -f CMakeFiles\cmTC_07011.dir\build.make /nologo -L                  CMakeFiles\cmTC_07011.dir\build
Building CXX object CMakeFiles/cmTC_07011.dir/CMakeCXXCompilerABI.cpp.obj
	"G:\IDE\Clion\CLion 2021.3.2\bin\cmake\win\bin\cmake.exe" -E cmake_cl_compile_depends --dep-file=CMakeFiles\cmTC_07011.dir\CMakeCXXCompilerABI.cpp.obj.d --working-dir="G:\code\C or C++\little-task\cmake-build-debug\CMakeFiles\CMakeTmp" --filter-prefix="" -- G:\2019\VC\Tools\MSVC\14.29.30133\bin\Hostx86\x86\cl.exe @C:\Users\lenovo\AppData\Local\Temp\nm9240.tmp
NMAKE : fatal error U1077: “"G:\IDE\Clion\CLion 2021.3.2\bin\cmake\win\bin\cmake.exe"”: 返回代码“0xc0000409”
Stop.
NMAKE : fatal error U1077: “G:\2019\VC\Tools\MSVC\14.29.30133\bin\HostX86\x86\nmake.exe”: 返回代码“0x2”
Stop.




=======
Performing C SOURCE FILE Test CMAKE_HAVE_LIBC_PTHREAD failed with the following output:
Change Dir: /home/yyh/sfm-project/cmake-build-debug/CMakeFiles/CMakeTmp

Run Build Command(s):/usr/bin/make cmTC_a218c/fast && /usr/bin/make  -f CMakeFiles/cmTC_a218c.dir/build.make CMakeFiles/cmTC_a218c.dir/build
make[1]: 进入目录“/home/yyh/sfm-project/cmake-build-debug/CMakeFiles/CMakeTmp”
Building C object CMakeFiles/cmTC_a218c.dir/src.c.o
/usr/bin/cc -DCMAKE_HAVE_LIBC_PTHREAD   -o CMakeFiles/cmTC_a218c.dir/src.c.o -c /home/yyh/sfm-project/cmake-build-debug/CMakeFiles/CMakeTmp/src.c
Linking C executable cmTC_a218c
/home/yyh/clion/clion-2021.1/bin/cmake/linux/bin/cmake -E cmake_link_script CMakeFiles/cmTC_a218c.dir/link.txt --verbose=1
/usr/bin/cc CMakeFiles/cmTC_a218c.dir/src.c.o -o cmTC_a218c 
CMakeFiles/cmTC_a218c.dir/src.c.o：在函数‘main’中：
src.c:(.text+0x3e)：对‘pthread_create’未定义的引用
src.c:(.text+0x4a)：对‘pthread_detach’未定义的引用
src.c:(.text+0x56)：对‘pthread_cancel’未定义的引用
src.c:(.text+0x67)：对‘pthread_join’未定义的引用
src.c:(.text+0x7b)：对‘pthread_atfork’未定义的引用
collect2: error: ld returned 1 exit status
CMakeFiles/cmTC_a218c.dir/build.make:105: recipe for target 'cmTC_a218c' failed
make[1]: *** [cmTC_a218c] Error 1
make[1]: 离开目录“/home/yyh/sfm-project/cmake-build-debug/CMakeFiles/CMakeTmp”
Makefile:140: recipe for target 'cmTC_a218c/fast' failed
make: *** [cmTC_a218c/fast] Error 2


Source file was:
#include <pthread.h>

static void* test_func(void* data)
{
  return data;
}

int main(void)
{
  pthread_t thread;
  pthread_create(&thread, NULL, test_func, NULL);
  pthread_detach(thread);
  pthread_cancel(thread);
  pthread_join(thread, NULL);
  pthread_atfork(NULL, NULL, NULL);
  pthread_exit(NULL);

  return 0;
}

Determining if the function pthread_create exists in the pthreads failed with the following output:
Change Dir: /home/yyh/sfm-project/cmake-build-debug/CMakeFiles/CMakeTmp

Run Build Command(s):/usr/bin/make cmTC_518de/fast && /usr/bin/make  -f CMakeFiles/cmTC_518de.dir/build.make CMakeFiles/cmTC_518de.dir/build
make[1]: 进入目录“/home/yyh/sfm-project/cmake-build-debug/CMakeFiles/CMakeTmp”
Building C object CMakeFiles/cmTC_518de.dir/CheckFunctionExists.c.o
/usr/bin/cc   -DCHECK_FUNCTION_EXISTS=pthread_create -o CMakeFiles/cmTC_518de.dir/CheckFunctionExists.c.o -c /home/yyh/clion/clion-2021.1/bin/cmake/linux/share/cmake-3.19/Modules/CheckFunctionExists.c
Linking C executable cmTC_518de
/home/yyh/clion/clion-2021.1/bin/cmake/linux/bin/cmake -E cmake_link_script CMakeFiles/cmTC_518de.dir/link.txt --verbose=1
/usr/bin/cc  -DCHECK_FUNCTION_EXISTS=pthread_create CMakeFiles/cmTC_518de.dir/CheckFunctionExists.c.o -o cmTC_518de  -lpthreads 
/usr/bin/ld: 找不到 -lpthreads
collect2: error: ld returned 1 exit status
CMakeFiles/cmTC_518de.dir/build.make:105: recipe for target 'cmTC_518de' failed
make[1]: *** [cmTC_518de] Error 1
make[1]: 离开目录“/home/yyh/sfm-project/cmake-build-debug/CMakeFiles/CMakeTmp”
Makefile:140: recipe for target 'cmTC_518de/fast' failed
make: *** [cmTC_518de/fast] Error 2



>>>>>>> 97a7fdb12b9cadad069c33832eafbb212251744f
